[debug] [2025-07-06T15:14:16.398Z] ----------------------------------------------------------------------
[debug] [2025-07-06T15:14:16.400Z] Command:       C:\Program Files\nodejs\node.exe C:\Users\Harsh Kumar Singh\AppData\Roaming\npm\node_modules\firebase-tools\lib\bin\firebase.js init hosting
[debug] [2025-07-06T15:14:16.401Z] CLI Version:   14.9.0
[debug] [2025-07-06T15:14:16.401Z] Platform:      win32
[debug] [2025-07-06T15:14:16.401Z] Node Version:  v20.17.0
[debug] [2025-07-06T15:14:16.401Z] Time:          Sun Jul 06 2025 20:44:16 GMT+0530 (India Standard Time)
[debug] [2025-07-06T15:14:16.401Z] ----------------------------------------------------------------------
[debug] 
[debug] [2025-07-06T15:14:16.413Z] > command requires scopes: ["email","openid","https://www.googleapis.com/auth/cloudplatformprojects.readonly","https://www.googleapis.com/auth/firebase","https://www.googleapis.com/auth/cloud-platform"]
[debug] [2025-07-06T15:14:16.413Z] > authorizing via signed-in user (harsh2004mckv@gmail.com)
[info] 
     ######## #### ########  ######## ########     ###     ######  ########
     ##        ##  ##     ## ##       ##     ##  ##   ##  ##       ##
     ######    ##  ########  ######   ########  #########  ######  ######
     ##        ##  ##    ##  ##       ##     ## ##     ##       ## ##
     ##       #### ##     ## ######## ########  ##     ##  ######  ########

You're about to initialize a Firebase project in this directory:

  C:\Users\Harsh Kumar Singh\Desktop\Web Devlopment Projects\Drum Kit

[info] 
=== Project Setup
[info] 
[info] First, let's associate this project directory with a Firebase project.
[info] You can create multiple project aliases by running firebase use --add, 
[info] but for now we'll just set up a default project.
[info] 
[debug] [2025-07-06T15:14:30.879Z] Checked if tokens are valid: true, expires at: 1751818006528
[debug] [2025-07-06T15:14:30.879Z] Checked if tokens are valid: true, expires at: 1751818006528
[debug] [2025-07-06T15:14:30.881Z] >>> [apiv2][query] GET https://firebase.googleapis.com/v1beta1/projects pageSize=100
[debug] [2025-07-06T15:14:34.786Z] <<< [apiv2][status] GET https://firebase.googleapis.com/v1beta1/projects 200
[debug] [2025-07-06T15:14:34.787Z] <<< [apiv2][body] GET https://firebase.googleapis.com/v1beta1/projects [omitted]
[info] i  Using project drumkit-12a38 (DrumKit) 
[info] 
=== Hosting Setup
[debug] [2025-07-06T15:14:36.658Z] Checked if tokens are valid: true, expires at: 1751818006528
[debug] [2025-07-06T15:14:36.659Z] Checked if tokens are valid: true, expires at: 1751818006528
[debug] [2025-07-06T15:14:36.659Z] >>> [apiv2][query] GET https://firebase.googleapis.com/v1beta1/projects/drumkit-12a38 [none]
[debug] [2025-07-06T15:14:37.365Z] <<< [apiv2][status] GET https://firebase.googleapis.com/v1beta1/projects/drumkit-12a38 200
[debug] [2025-07-06T15:14:37.365Z] <<< [apiv2][body] GET https://firebase.googleapis.com/v1beta1/projects/drumkit-12a38 {"projectId":"drumkit-12a38","projectNumber":"130777305559","displayName":"DrumKit","name":"projects/drumkit-12a38","resources":{"hostingSite":"drumkit-12a38"},"state":"ACTIVE","etag":"1_67f1ec99-a1d2-44e4-af11-f27a93c31a3b"}
[info] 
[info] Your public directory is the folder (relative to your project directory) that
[info] will contain Hosting assets to be uploaded with firebase deploy. If you
[info] have a build process for your assets, use your build's output directory.
[info] 
[debug] [2025-07-06T15:20:04.202Z] ExitPromptError: User force closed the prompt with SIGINT
    at Interface.sigint (C:\Users\Harsh Kumar Singh\AppData\Roaming\npm\node_modules\firebase-tools\node_modules\@inquirer\core\dist\commonjs\lib\create-prompt.js:101:37)
    at Interface.emit (node:events:519:28)
    at Interface.emit (node:domain:488:12)
    at [_ttyWrite] [as _ttyWrite] (node:internal/readline/interface:1126:18)
    at ReadStream.onkeypress (node:internal/readline/interface:265:20)
    at ReadStream.emit (node:events:531:35)
    at ReadStream.emit (node:domain:488:12)
    at emitKeys (node:internal/readline/utils:371:14)
    at emitKeys.next (<anonymous>)
    at ReadStream.onData (node:internal/readline/emitKeypressEvents:64:36)
[error] 
[error] Error: An unexpected error has occurred.
